build/outputs/mapping/unbrandedWebviewRelease/configuration.txt
# The proguard configuration file for the following section is intermediates/proguard-files/proguard-android-optimize.txt-4.1.3
# This is a configuration file for ProGuard.
# http://proguard.sourceforge.net/index.html#manual/usage.html
#
# Starting with version 2.2 of the Android plugin for Gradle, this file is distributed together with
# the plugin and unpacked at build-time. The files in $ANDROID_HOME are no longer maintained and
# will be ignored by new version of the Android plugin for Gradle.

# Optimizations: If you don't want to optimize, use the proguard-android.txt configuration file
# instead of this one, which turns off the optimization flags.
# Adding optimization introduces certain risks, since for example not all optimizations performed by
# ProGuard works on all versions of Dalvik.  The following flags turn off various optimizations
# known to have issues, but the list may not be complete or up to date. (The "arithmetic"
# optimization can be used if you are only targeting Android 2.0 or later.)  Make sure you test
# thoroughly if you go this route.
-optimizations !code/simplification/arithmetic,!code/simplification/cast,!field/*,!class/merging/*
-optimizationpasses 5
-allowaccessmodification

-dontusemixedcaseclassnames
-dontskipnonpubliclibraryclasses
-verbose

# Preserve some attributes that may be required for reflection.
-keepattributes *Annotation*,Signature,InnerClasses,EnclosingMethod

-keep public class com.google.vending.licensing.ILicensingService
-keep public class com.android.vending.licensing.ILicensingService
-keep public class com.google.android.vending.licensing.ILicensingService
-dontnote com.android.vending.licensing.ILicensingService
-dontnote com.google.vending.licensing.ILicensingService
-dontnote com.google.android.vending.licensing.ILicensingService

# For native methods, see http://proguard.sourceforge.net/manual/examples.html#native
-keepclasseswithmembernames,includedescriptorclasses class * {
    native <methods>;
}

# Keep setters in Views so that animations can still work.
-keepclassmembers public class * extends android.view.View {
    void set*(***);
    *** get*();
}

# We want to keep methods in Activity that could be used in the XML attribute onClick.
-keepclassmembers class * extends android.app.Activity {
    public void *(android.view.View);
}

# For enumeration classes, see http://proguard.sourceforge.net/manual/examples.html#enumerations
-keepclassmembers enum * {
    public static **[] values();
    public static ** valueOf(java.lang.String);
}

-keepclassmembers class * implements android.os.Parcelable {
    public static final ** CREATOR;
}

# Preserve annotated Javascript interface methods.
-keepclassmembers class * {
    @android.webkit.JavascriptInterface <methods>;
}

# The support libraries contains references to newer platform versions.
# Don't warn about those in case this app is linking against an older
# platform version. We know about them, and they are safe.
-dontnote android.support.**
-dontnote androidx.**
-dontwarn android.support.**
-dontwarn androidx.**

# This class is deprecated, but remains for backward compatibility.
-dontwarn android.util.FloatMath

# Understand the @Keep support annotation.
-keep class android.support.annotation.Keep
-keep class androidx.annotation.Keep

-keep @android.support.annotation.Keep class * {*;}
-keep @androidx.annotation.Keep class * {*;}

-keepclasseswithmembers class * {
    @android.support.annotation.Keep <methods>;
}

-keepclasseswithmembers class * {
    @androidx.annotation.Keep <methods>;
}

-keepclasseswithmembers class * {
    @android.support.annotation.Keep <fields>;
}

-keepclasseswithmembers class * {
    @androidx.annotation.Keep <fields>;
}

-keepclasseswithmembers class * {
    @android.support.annotation.Keep <init>(...);
}

-keepclasseswithmembers class * {
    @androidx.annotation.Keep <init>(...);
}

# These classes are duplicated between android.jar and org.apache.http.legacy.jar.
-dontnote org.apache.http.**
-dontnote android.net.http.**

# These classes are duplicated between android.jar and core-lambda-stubs.jar.
-dontnote java.lang.invoke.**

# End of content from intermediates/proguard-files/proguard-android-optimize.txt-4.1.3
# The proguard configuration file for the following section is medic-android/config/xwalk.pro
# ProGuard config for Crosswalk

-dontwarn javax.annotation.Nullable
-dontwarn javax.annotation.Nonnull
-dontwarn javax.annotation.concurrent.NotThreadSafe
-dontwarn javax.annotation.concurrent.ThreadSafe

-keep class org.xwalk.core.** {
	*;
}
-keep class org.chromium.** {
	*;
}
-keepattributes **

-optimizations !code/allocation/variable

-dontnote android.support.**

-keepclassmembers class * {
	@android.webkit.JavascriptInterface <methods>;
	@org.xwalk.core.JavascriptInterface <methods>;
}

# End of content from medic-android/config/xwalk.pro
# The proguard configuration file for the following section is medic-android/config/libsimprints.pro
-keep class com.simprints.libsimprints.* implements android.os.Parcelable {
    *;
}

# End of content from medic-android/config/libsimprints.pro
# The proguard configuration file for the following section is aapt_proguard_file/unbrandedWebviewRelease/aapt_rules.txt
-keep class android.support.v4.content.FileProvider { <init>(); }
-keep class org.medicmobile.webapp.mobile.AppUrlIntentActivity { <init>(); }
-keep class org.medicmobile.webapp.mobile.ConnectionErrorActivity { <init>(); }
-keep class org.medicmobile.webapp.mobile.EmbeddedBrowserActivity { <init>(); }
-keep class org.medicmobile.webapp.mobile.FreeSpaceWarningActivity { <init>(); }
-keep class org.medicmobile.webapp.mobile.LockScreen { <init>(); }
-keep class org.medicmobile.webapp.mobile.RequestPermissionActivity { <init>(); }
-keep class org.medicmobile.webapp.mobile.SettingsDialogActivity { <init>(); }
-keep class org.medicmobile.webapp.mobile.StartupActivity { <init>(); }
-keep class org.medicmobile.webapp.mobile.UpgradingActivity { <init>(); }
-keep class android.support.v4.widget.NestedScrollView { <init>(android.content.Context, android.util.AttributeSet); }

-keep class android.support.v4.widget.Space { <init>(android.content.Context, android.util.AttributeSet); }

-keep class android.support.v7.app.AlertController$RecycleListView { <init>(android.content.Context, android.util.AttributeSet); }

-keep class android.support.v7.view.menu.ActionMenuItemView { <init>(android.content.Context, android.util.AttributeSet); }

-keep class android.support.v7.view.menu.ExpandedMenuView { <init>(android.content.Context, android.util.AttributeSet); }

-keep class android.support.v7.view.menu.ListMenuItemView { <init>(android.content.Context, android.util.AttributeSet); }

-keep class android.support.v7.widget.ActionBarContainer { <init>(android.content.Context, android.util.AttributeSet); }

-keep class android.support.v7.widget.ActionBarContextView { <init>(android.content.Context, android.util.AttributeSet); }

-keep class android.support.v7.widget.ActionBarOverlayLayout { <init>(android.content.Context, android.util.AttributeSet); }

-keep class android.support.v7.widget.ActionMenuView { <init>(android.content.Context, android.util.AttributeSet); }

-keep class android.support.v7.widget.ActivityChooserView$InnerLayout { <init>(android.content.Context, android.util.AttributeSet); }

-keep class android.support.v7.widget.AlertDialogLayout { <init>(android.content.Context, android.util.AttributeSet); }

-keep class android.support.v7.widget.ButtonBarLayout { <init>(android.content.Context, android.util.AttributeSet); }

-keep class android.support.v7.widget.ContentFrameLayout { <init>(android.content.Context, android.util.AttributeSet); }

-keep class android.support.v7.widget.DialogTitle { <init>(android.content.Context, android.util.AttributeSet); }

-keep class android.support.v7.widget.FitWindowsFrameLayout { <init>(android.content.Context, android.util.AttributeSet); }

-keep class android.support.v7.widget.FitWindowsLinearLayout { <init>(android.content.Context, android.util.AttributeSet); }

-keep class android.support.v7.widget.SearchView$SearchAutoComplete { <init>(android.content.Context, android.util.AttributeSet); }

-keep class android.support.v7.widget.Toolbar { <init>(android.content.Context, android.util.AttributeSet); }

-keep class android.support.v7.widget.ViewStubCompat { <init>(android.content.Context, android.util.AttributeSet); }

-keepclassmembers class * { *** cancelSettingsEdit(android.view.View); }

-keepclassmembers class * { *** evtContinue(android.view.View); }

-keepclassmembers class * { *** evtQuit(android.view.View); }

-keepclassmembers class * { *** onClickMoreInfo(android.view.View); }

-keepclassmembers class * { *** onClickNegative(android.view.View); }

-keepclassmembers class * { *** onClickOk(android.view.View); }

-keepclassmembers class * { *** onClickRetry(android.view.View); }

-keepclassmembers class * { *** verifyAndSave(android.view.View); }


# End of content from aapt_proguard_file/unbrandedWebviewRelease/aapt_rules.txt
# The proguard configuration file for the following section is 408e24fd7fec6369b40a5a359a8ef330/animated-vector-drawable-27.0.2/proguard.txt
# Copyright (C) 2016 The Android Open Source Project
#
# Licensed under the Apache License, Version 2.0 (the "License");
# you may not use this file except in compliance with the License.
# You may obtain a copy of the License at
#
#      http://www.apache.org/licenses/LICENSE-2.0
#
# Unless required by applicable law or agreed to in writing, software
# distributed under the License is distributed on an "AS IS" BASIS,
# WITHOUT WARRANTIES OR CONDITIONS OF ANY KIND, either express or implied.
# See the License for the specific language governing permissions and
# limitations under the License.

# keep setters in VectorDrawables so that animations can still work.
-keepclassmembers class android.support.graphics.drawable.VectorDrawableCompat$* {
   void set*(***);
   *** get*();
}

# End of content from 408e24fd7fec6369b40a5a359a8ef330/animated-vector-drawable-27.0.2/proguard.txt
# The proguard configuration file for the following section is 88435c3e052c24149e2e0fdf4717656d/support-core-ui-27.0.2/proguard.txt
# Copyright (C) 2016 The Android Open Source Project
#
# Licensed under the Apache License, Version 2.0 (the "License");
# you may not use this file except in compliance with the License.
# You may obtain a copy of the License at
#
#      http://www.apache.org/licenses/LICENSE-2.0
#
# Unless required by applicable law or agreed to in writing, software
# distributed under the License is distributed on an "AS IS" BASIS,
# WITHOUT WARRANTIES OR CONDITIONS OF ANY KIND, either express or implied.
# See the License for the specific language governing permissions and
# limitations under the License.

# Make sure we keep annotations for ViewPager's DecorView
-keepattributes *Annotation*

# End of content from 88435c3e052c24149e2e0fdf4717656d/support-core-ui-27.0.2/proguard.txt
# The proguard configuration file for the following section is aeba06e672855b2fa37e668d29524651/runtime-1.0.3/proguard.txt
-keepattributes *Annotation*

-keepclassmembers enum android.arch.lifecycle.Lifecycle$Event {
    <fields>;
}

-keep class * implements android.arch.lifecycle.LifecycleObserver {
}

-keep class * implements android.arch.lifecycle.GeneratedAdapter {
    <init>(...);
}

-keepclassmembers class ** {
    @android.arch.lifecycle.OnLifecycleEvent *;
}
# End of content from aeba06e672855b2fa37e668d29524651/runtime-1.0.3/proguard.txt
# The proguard configuration file for the following section is <unknown>
-ignorewarnings
# End of content from <unknown>