build/outputs/mapping/unbrandedWebviewRelease/seeds.txt
android.support.v7.widget.LinearLayoutCompat: void setDividerDrawable(android.graphics.drawable.Drawable)
android.support.v7.widget.Toolbar: void setSubtitle(int)
android.support.v7.widget.AppCompatImageButton: void setImageResource(int)
android.support.graphics.drawable.VectorDrawableCompat$VGroup
android.support.v7.widget.Toolbar: void setSubtitle(java.lang.CharSequence)
android.support.graphics.drawable.VectorDrawableCompat$VFullPath: int getFillColor()
com.simprints.libsimprints.Registration: int hashCode()
android.support.v7.widget.AppCompatEditText
android.support.v7.view.menu.ExpandedMenuView: int getWindowAnimations()
android.support.v4.content.FileProvider
android.support.v7.widget.ActivityChooserView$InnerLayout
android.support.v7.widget.AppCompatImageButton: void setBackgroundResource(int)
org.medicmobile.webapp.mobile.FreeSpaceWarningActivity: FreeSpaceWarningActivity()
android.support.v7.widget.AppCompatEditText: android.graphics.PorterDuff$Mode getSupportBackgroundTintMode()
android.support.v7.widget.ActionBarOverlayLayout: void setIcon(android.graphics.drawable.Drawable)
android.support.v7.widget.AppCompatImageView: void setBackgroundDrawable(android.graphics.drawable.Drawable)
android.support.v7.view.menu.ExpandedMenuView
android.support.v7.widget.ContentFrameLayout: android.util.TypedValue getFixedWidthMinor()
org.medicmobile.webapp.mobile.MedicAndroidJavascript: void simprints_ident(int)
com.simprints.libsimprints.RefusalForm: int describeContents()
android.support.v7.widget.AppCompatEditText: void setSupportBackgroundTintList(android.content.res.ColorStateList)
android.support.graphics.drawable.VectorDrawableCompat$VFullPath: float getFillAlpha()
android.support.v7.widget.AppCompatImageButton: void setSupportImageTintList(android.content.res.ColorStateList)
android.support.v7.widget.ListViewCompat: void setSelectorEnabled(boolean)
android.support.v7.widget.SearchView: void setOnSuggestionListener(android.support.v7.widget.SearchView$OnSuggestionListener)
org.medicmobile.webapp.mobile.MedicAndroidJavascript: java.lang.String getAppVersion()
android.support.v7.widget.ActionBarOverlayLayout: void setLogo(int)
com.simprints.libsimprints.Registration: int describeContents()
android.support.v7.widget.AppCompatTextView: int[] getAutoSizeTextAvailableSizes()
android.support.v7.widget.AppCompatAutoCompleteTextView: void setDropDownBackgroundResource(int)
android.support.v7.widget.Toolbar: Toolbar(android.content.Context,android.util.AttributeSet)
android.support.v7.widget.ContentFrameLayout: ContentFrameLayout(android.content.Context,android.util.AttributeSet)
org.medicmobile.webapp.mobile.ConnectionErrorActivity: void onClickRetry(android.view.View)
android.support.v4.widget.Space: Space(android.content.Context,android.util.AttributeSet)
android.support.v7.widget.LinearLayoutCompat: void setMeasureWithLargestChildEnabled(boolean)
android.support.v7.view.menu.ListMenuItemView: void setIcon(android.graphics.drawable.Drawable)
android.support.v7.widget.ActionBarOverlayLayout: void setIcon(int)
android.support.v7.widget.Toolbar: int getContentInsetStartWithNavigation()
android.support.v7.widget.SearchView$SearchAutoComplete: int getSearchViewTextMinWidthDp()
android.support.graphics.drawable.VectorDrawableCompat$VFullPath: void setStrokeAlpha(float)
android.support.graphics.drawable.VectorDrawableCompat$VFullPath: void setStrokeWidth(float)
android.support.v7.widget.Toolbar: int getCurrentContentInsetRight()
android.support.v7.widget.AppCompatSpinner: void setPrompt(java.lang.CharSequence)
com.simprints.libsimprints.Identification: Identification(android.os.Parcel)
org.medicmobile.webapp.mobile.ConnectionErrorActivity: ConnectionErrorActivity()
android.support.v7.view.menu.ActionMenuItemView: void setItemInvoker(android.support.v7.view.menu.MenuBuilder$ItemInvoker)
android.support.v7.widget.ActionMenuView: int getPopupTheme()