build/outputs/mapping/unbrandedWebviewRelease/mapping.txt
# compiler: R8
# compiler_version: 2.1.86
# min_api: 29
# pg_map_id: eb4e02a
# common_typos_disable
...
android.support.v4.widget.PopupWindowCompat$PopupWindowCompatApi21Impl -> a.a.c.h.e$b:
    java.lang.reflect.Field sOverlapAnchorField -> a
    1:2:void <clinit>():127:128 -> <clinit>
    3:3:void <clinit>():130:130 -> <clinit>
    1:1:void <init>():120:120 -> <init>
android.support.v4.widget.PopupWindowCompat$PopupWindowCompatApi23Impl -> a.a.c.h.e$c:
    1:1:void <init>():159:159 -> <init>
    1:1:void setOverlapAnchor(android.widget.PopupWindow,boolean):162:162 -> a
    1:1:void setWindowLayoutType(android.widget.PopupWindow,int):172:172 -> b
android.support.v4.widget.PopupWindowCompat$PopupWindowCompatBaseImpl -> a.a.c.h.e$d:
    1:1:void <init>():37:37 -> <init>
    void setOverlapAnchor(android.widget.PopupWindow,boolean) -> a
    void setWindowLayoutType(android.widget.PopupWindow,int) -> b
    void showAsDropDown(android.widget.PopupWindow,android.view.View,int,int,int) -> c
android.support.v4.widget.ResourceCursorAdapter -> a.a.c.h.f:
    int mLayout -> h
    int mDropDownLayout -> i
    android.view.LayoutInflater mInflater -> j
    1:1:android.view.View newView(android.content.Context,android.database.Cursor,android.view.ViewGroup):112:112 -> c
android.support.v4.widget.Space -> android.support.v4.widget.Space:
    1:3:void <init>(android.content.Context,android.util.AttributeSet,int):34:36 -> <init>
    1:3:void <init>(android.content.Context,android.util.AttributeSet):41 -> <init>
    1:2:int getDefaultSize2(int,int):65:66 -> a
    3:3:int getDefaultSize2(int,int):73:73 -> a
    1:2:void onMeasure(int,int):85:86 -> onMeasure
    3:3:void onMeasure(int,int):84:84 -> onMeasure
android.support.v7.app.ActionBar$LayoutParams -> a.a.d.a.a:
    int gravity -> a
    1:1:void <init>(android.content.Context,android.util.AttributeSet):1376:1376 -> <init>
    2:2:void <init>(android.content.Context,android.util.AttributeSet):1373:1373 -> <init>
    3:5:void <init>(android.content.Context,android.util.AttributeSet):1378:1380 -> <init>
    6:6:void <init>(int,int):1384:1384 -> <init>
    7:7:void <init>(int,int):1373:1373 -> <init>
    8:8:void <init>(int,int):1385:1385 -> <init>
    9:9:void <init>(android.support.v7.app.ActionBar$LayoutParams):1398:1398 -> <init>
    10:10:void <init>(android.support.v7.app.ActionBar$LayoutParams):1373:1373 -> <init>
    11:11:void <init>(android.support.v7.app.ActionBar$LayoutParams):1400:1400 -> <init>
    12:12:void <init>(android.view.ViewGroup$LayoutParams):1404:1404 -> <init>
    13:13:void <init>(android.view.ViewGroup$LayoutParams):1373:1373 -> <init>
android.support.v7.app.ActionBar$Tab -> a.a.d.a.b:
    1:1:void <init>():1170:1170 -> <init>
    void select() -> a
android.support.v7.app.AlertController$RecycleListView -> android.support.v7.app.AlertController$RecycleListView:
    1:1:void <init>(android.content.Context,android.util.AttributeSet):823:823 -> <init>
    2:2:void <init>(android.content.Context,android.util.AttributeSet):825:825 -> <init>
    3:3:void <init>(android.content.Context,android.util.AttributeSet):827:827 -> <init>
    4:4:void <init>(android.content.Context,android.util.AttributeSet):829:829 -> <init>