build/outputs/mapping/unbrandedWebviewRelease/usage.txt
android.support.v4.app.FragmentTransaction$Transit
android.support.v4.view.LayoutInflaterCompat
com.mvc.imagepicker.R$style
android.support.v4.widget.PopupWindowCompat$PopupWindowCompatApi23Impl:
    public boolean getOverlapAnchor(android.widget.PopupWindow)
    public int getWindowLayoutType(android.widget.PopupWindow)
android.support.v4.widget.DrawerLayout$1
android.support.v4.app.NotificationBuilderWithBuilderAccessor
android.support.v7.widget.ActivityChooserModel$ActivityChooserModelClient
android.support.v4.view.AbsSavedState:
    protected void <init>(android.os.Parcel)
android.support.v7.view.WindowCallbackWrapper
android.support.v4.app.RemoteInputCompatBase
android.support.v4.provider.FontsContractCompat$4$3
android.support.v4.view.NestedScrollingChildHelper:
    public void onDetachedFromWindow()
    public void onStopNestedScroll(android.view.View)
android.support.v4.view.ViewPager$OnPageChangeListener
android.support.v4.app.ActionBarDrawerToggle
android.support.v4.content.ContextCompat:
    protected void <init>()
    public static boolean startActivities(android.content.Context,android.content.Intent[])
    public static boolean startActivities(android.content.Context,android.content.Intent[],android.os.Bundle)
    public static void startActivity(android.content.Context,android.content.Intent,android.os.Bundle)
    public static java.io.File getDataDir(android.content.Context)
    public static java.io.File[] getObbDirs(android.content.Context)
    private static varargs java.io.File buildPath(java.io.File,java.lang.String[])
    public static final int getColor(android.content.Context,int)
    public static final java.io.File getNoBackupFilesDir(android.content.Context)
    public static java.io.File getCodeCacheDir(android.content.Context)
    private static synchronized java.io.File createFilesDir(java.io.File)
    public static android.content.Context createDeviceProtectedStorageContext(android.content.Context)
    public static boolean isDeviceProtectedStorage(android.content.Context)
    public static void startForegroundService(android.content.Context,android.content.Intent)
    private static final java.lang.String TAG
android.support.fragment.R$drawable
android.support.v4.widget.TextViewCompat$TextViewCompatApi16Impl
android.support.v4.app.RemoteInput
android.support.v4.view.ViewCompat:
    public static boolean canScrollHorizontally(android.view.View,int)
    public static boolean canScrollVertically(android.view.View,int)
    public static int getOverScrollMode(android.view.View)
    public static void setOverScrollMode(android.view.View,int)
    public static void onPopulateAccessibilityEvent(android.view.View,android.view.accessibility.AccessibilityEvent)
    public static void onInitializeAccessibilityEvent(android.view.View,android.view.accessibility.AccessibilityEvent)
    public static void onInitializeAccessibilityNodeInfo(android.view.View,android.support.v4.view.accessibility.AccessibilityNodeInfoCompat)
    public static varargs void setAutofillHints(android.view.View,java.lang.String[])
    public static int getImportantForAutofill(android.view.View)
    public static void setImportantForAutofill(android.view.View,int)
    public static boolean isImportantForAutofill(android.view.View)
    public static boolean hasAccessibilityDelegate(android.view.View)
    public static boolean hasTransientState(android.view.View)
    public static void setHasTransientState(android.view.View,boolean)
    public static void postInvalidateOnAnimation(android.view.View,int,int,int,int)
    public static int getImportantForAccessibility(android.view.View)
    public static void setImportantForAccessibility(android.view.View,int)
    public static boolean isImportantForAccessibility(android.view.View)
android.support.v4.app.SharedElementCallback
android.support.coreutils.R$integer
android.support.v4.app.OneShotPreDrawListener
android.arch.lifecycle.ClassesInfoCache
android.support.compat.BuildConfig